<?xml version="1.0" encoding="UTF-8"?>
<testsuite xmlns:xsi="http://www.w3.org/2001/XMLSchema-instance" xsi:noNamespaceSchemaLocation="https://maven.apache.org/surefire/maven-surefire-plugin/xsd/surefire-test-report-3.0.xsd" version="3.0" name="com.patternpatrol.service.DirectoryPatternsServiceTest" time="0.449" tests="16" errors="0" skipped="0" failures="0">
  <properties>
    <property name="java.specification.version" value="21"/>
    <property name="sun.jnu.encoding" value="UTF-8"/>
    <property name="java.class.path" value="/Users/andrewhelsby/PatternPatrol/Workspace/pattern-patrol/target/test-classes:/Users/andrewhelsby/PatternPatrol/Workspace/pattern-patrol/target/classes:/Users/andrewhelsby/.m2/repository/org/apache/maven/plugin-tools/maven-plugin-tools-api/3.12.0/maven-plugin-tools-api-3.12.0.jar:/Users/andrewhelsby/.m2/repository/org/apache/maven/maven-core/3.2.5/maven-core-3.2.5.jar:/Users/andrewhelsby/.m2/repository/org/apache/maven/maven-settings/3.2.5/maven-settings-3.2.5.jar:/Users/andrewhelsby/.m2/repository/org/apache/maven/maven-settings-builder/3.2.5/maven-settings-builder-3.2.5.jar:/Users/andrewhelsby/.m2/repository/org/apache/maven/maven-repository-metadata/3.2.5/maven-repository-metadata-3.2.5.jar:/Users/andrewhelsby/.m2/repository/org/apache/maven/maven-model-builder/3.2.5/maven-model-builder-3.2.5.jar:/Users/andrewhelsby/.m2/repository/org/apache/maven/maven-aether-provider/3.2.5/maven-aether-provider-3.2.5.jar:/Users/andrewhelsby/.m2/repository/org/eclipse/aether/aether-spi/1.0.0.v20140518/aether-spi-1.0.0.v20140518.jar:/Users/andrewhelsby/.m2/repository/org/eclipse/aether/aether-impl/1.0.0.v20140518/aether-impl-1.0.0.v20140518.jar:/Users/andrewhelsby/.m2/repository/org/eclipse/aether/aether-api/1.0.0.v20140518/aether-api-1.0.0.v20140518.jar:/Users/andrewhelsby/.m2/repository/org/eclipse/aether/aether-util/1.0.0.v20140518/aether-util-1.0.0.v20140518.jar:/Users/andrewhelsby/.m2/repository/org/eclipse/sisu/org.eclipse.sisu.plexus/0.3.0.M1/org.eclipse.sisu.plexus-0.3.0.M1.jar:/Users/andrewhelsby/.m2/repository/javax/enterprise/cdi-api/1.0/cdi-api-1.0.jar:/Users/andrewhelsby/.m2/repository/javax/annotation/jsr250-api/1.0/jsr250-api-1.0.jar:/Users/andrewhelsby/.m2/repository/org/eclipse/sisu/org.eclipse.sisu.inject/0.3.0.M1/org.eclipse.sisu.inject-0.3.0.M1.jar:/Users/andrewhelsby/.m2/repository/org/sonatype/sisu/sisu-guice/3.2.3/sisu-guice-3.2.3-no_aop.jar:/Users/andrewhelsby/.m2/repository/aopalliance/aopalliance/1.0/aopalliance-1.0.jar:/Users/andrewhelsby/.m2/repository/org/codehaus/plexus/plexus-interpolation/1.21/plexus-interpolation-1.21.jar:/Users/andrewhelsby/.m2/repository/org/codehaus/plexus/plexus-classworlds/2.5.2/plexus-classworlds-2.5.2.jar:/Users/andrewhelsby/.m2/repository/org/codehaus/plexus/plexus-component-annotations/1.5.5/plexus-component-annotations-1.5.5.jar:/Users/andrewhelsby/.m2/repository/org/sonatype/plexus/plexus-sec-dispatcher/1.3/plexus-sec-dispatcher-1.3.jar:/Users/andrewhelsby/.m2/repository/org/sonatype/plexus/plexus-cipher/1.4/plexus-cipher-1.4.jar:/Users/andrewhelsby/.m2/repository/org/apache/maven/maven-model/3.2.5/maven-model-3.2.5.jar:/Users/andrewhelsby/.m2/repository/org/apache/maven/maven-plugin-api/3.2.5/maven-plugin-api-3.2.5.jar:/Users/andrewhelsby/.m2/repository/org/apache/maven/maven-artifact/3.2.5/maven-artifact-3.2.5.jar:/Users/andrewhelsby/.m2/repository/org/slf4j/slf4j-api/1.7.36/slf4j-api-1.7.36.jar:/Users/andrewhelsby/.m2/repository/org/apache/maven/reporting/maven-reporting-api/3.1.1/maven-reporting-api-3.1.1.jar:/Users/andrewhelsby/.m2/repository/org/apache/maven/doxia/doxia-sink-api/1.11.1/doxia-sink-api-1.11.1.jar:/Users/andrewhelsby/.m2/repository/org/apache/maven/doxia/doxia-logging-api/1.11.1/doxia-logging-api-1.11.1.jar:/Users/andrewhelsby/.m2/repository/org/codehaus/plexus/plexus-utils/4.0.0/plexus-utils-4.0.0.jar:/Users/andrewhelsby/.m2/repository/org/codehaus/plexus/plexus-xml/3.0.0/plexus-xml-3.0.0.jar:/Users/andrewhelsby/.m2/repository/org/apache/httpcomponents/httpclient/4.5.14/httpclient-4.5.14.jar:/Users/andrewhelsby/.m2/repository/commons-logging/commons-logging/1.2/commons-logging-1.2.jar:/Users/andrewhelsby/.m2/repository/commons-codec/commons-codec/1.11/commons-codec-1.11.jar:/Users/andrewhelsby/.m2/repository/org/apache/httpcomponents/httpcore/4.4.16/httpcore-4.4.16.jar:/Users/andrewhelsby/.m2/repository/org/apache/maven/wagon/wagon-provider-api/2.4/wagon-provider-api-2.4.jar:/Users/andrewhelsby/.m2/repository/org/codehaus/plexus/plexus-java/1.2.0/plexus-java-1.2.0.jar:/Users/andrewhelsby/.m2/repository/org/ow2/asm/asm/9.6/asm-9.6.jar:/Users/andrewhelsby/.m2/repository/com/thoughtworks/qdox/qdox/2.0.3/qdox-2.0.3.jar:/Users/andrewhelsby/.m2/repository/org/apache/maven/plugin-tools/maven-plugin-annotations/3.12.0/maven-plugin-annotations-3.12.0.jar:/Users/andrewhelsby/.m2/repository/org/everit/json/org.everit.json.schema/1.5.1/org.everit.json.schema-1.5.1.jar:/Users/andrewhelsby/.m2/repository/org/json/json/20160810/json-20160810.jar:/Users/andrewhelsby/.m2/repository/com/google/guava/guava/19.0/guava-19.0.jar:/Users/andrewhelsby/.m2/repository/commons-validator/commons-validator/1.5.1/commons-validator-1.5.1.jar:/Users/andrewhelsby/.m2/repository/commons-beanutils/commons-beanutils/1.9.2/commons-beanutils-1.9.2.jar:/Users/andrewhelsby/.m2/repository/commons-digester/commons-digester/1.8.1/commons-digester-1.8.1.jar:/Users/andrewhelsby/.m2/repository/commons-collections/commons-collections/3.2.2/commons-collections-3.2.2.jar:/Users/andrewhelsby/.m2/repository/com/fasterxml/jackson/core/jackson-databind/2.15.4/jackson-databind-2.15.4.jar:/Users/andrewhelsby/.m2/repository/com/fasterxml/jackson/core/jackson-annotations/2.15.4/jackson-annotations-2.15.4.jar:/Users/andrewhelsby/.m2/repository/com/fasterxml/jackson/core/jackson-core/2.15.4/jackson-core-2.15.4.jar:/Users/andrewhelsby/.m2/repository/org/projectlombok/lombok/1.18.36/lombok-1.18.36.jar:/Users/andrewhelsby/.m2/repository/junit/junit/4.13.2/junit-4.13.2.jar:/Users/andrewhelsby/.m2/repository/org/hamcrest/hamcrest-core/1.3/hamcrest-core-1.3.jar:/Users/andrewhelsby/.m2/repository/org/junit/jupiter/junit-jupiter/5.10.5/junit-jupiter-5.10.5.jar:/Users/andrewhelsby/.m2/repository/org/junit/jupiter/junit-jupiter-api/5.10.5/junit-jupiter-api-5.10.5.jar:/Users/andrewhelsby/.m2/repository/org/opentest4j/opentest4j/1.3.0/opentest4j-1.3.0.jar:/Users/andrewhelsby/.m2/repository/org/junit/platform/junit-platform-commons/1.10.5/junit-platform-commons-1.10.5.jar:/Users/andrewhelsby/.m2/repository/org/apiguardian/apiguardian-api/1.1.2/apiguardian-api-1.1.2.jar:/Users/andrewhelsby/.m2/repository/org/junit/jupiter/junit-jupiter-params/5.10.5/junit-jupiter-params-5.10.5.jar:/Users/andrewhelsby/.m2/repository/org/junit/jupiter/junit-jupiter-engine/5.10.5/junit-jupiter-engine-5.10.5.jar:/Users/andrewhelsby/.m2/repository/org/junit/platform/junit-platform-engine/1.10.5/junit-platform-engine-1.10.5.jar:/Users/andrewhelsby/.m2/repository/org/apache/maven/plugin-testing/maven-plugin-testing-harness/4.0.0-alpha-2/maven-plugin-testing-harness-4.0.0-alpha-2.jar:/Users/andrewhelsby/.m2/repository/org/codehaus/plexus/plexus-archiver/4.8.0/plexus-archiver-4.8.0.jar:/Users/andrewhelsby/.m2/repository/javax/inject/javax.inject/1/javax.inject-1.jar:/Users/andrewhelsby/.m2/repository/org/codehaus/plexus/plexus-io/3.4.1/plexus-io-3.4.1.jar:/Users/andrewhelsby/.m2/repository/commons-io/commons-io/2.13.0/commons-io-2.13.0.jar:/Users/andrewhelsby/.m2/repository/org/apache/commons/commons-compress/1.23.0/commons-compress-1.23.0.jar:/Users/andrewhelsby/.m2/repository/org/iq80/snappy/snappy/0.4/snappy-0.4.jar:/Users/andrewhelsby/.m2/repository/org/tukaani/xz/1.9/xz-1.9.jar:/Users/andrewhelsby/.m2/repository/com/github/luben/zstd-jni/1.5.5-5/zstd-jni-1.5.5-5.jar:/Users/andrewhelsby/.m2/repository/org/codehaus/plexus/plexus-testing/1.1.0/plexus-testing-1.1.0.jar:/Users/andrewhelsby/.m2/repository/com/google/inject/guice/4.2.3/guice-4.2.3-no_aop.jar:/Users/andrewhelsby/.m2/repository/org/mockito/mockito-core/4.6.1/mockito-core-4.6.1.jar:/Users/andrewhelsby/.m2/repository/net/bytebuddy/byte-buddy/1.12.10/byte-buddy-1.12.10.jar:/Users/andrewhelsby/.m2/repository/net/bytebuddy/byte-buddy-agent/1.12.10/byte-buddy-agent-1.12.10.jar:/Users/andrewhelsby/.m2/repository/org/objenesis/objenesis/3.2/objenesis-3.2.jar:"/>
    <property name="java.vm.vendor" value="Amazon.com Inc."/>
    <property name="sun.arch.data.model" value="64"/>
    <property name="java.vendor.url" value="https://aws.amazon.com/corretto/"/>
    <property name="os.name" value="Mac OS X"/>
    <property name="java.vm.specification.version" value="21"/>
    <property name="sun.java.launcher" value="SUN_STANDARD"/>
    <property name="user.country" value="GB"/>
    <property name="sun.boot.library.path" value="/Users/andrewhelsby/.sdkman/candidates/java/21.0.4-amzn/lib"/>
    <property name="sun.java.command" value="/Users/andrewhelsby/PatternPatrol/Workspace/pattern-patrol/target/surefire/surefirebooter-20250212193236742_3.jar /Users/andrewhelsby/PatternPatrol/Workspace/pattern-patrol/target/surefire 2025-02-12T19-32-36_299-jvmRun1 surefire-20250212193236742_1tmp surefire_0-20250212193236742_2tmp"/>
    <property name="http.nonProxyHosts" value="local|*.local|169.254/16|*.169.254/16"/>
    <property name="jdk.debug" value="release"/>
    <property name="surefire.test.class.path" value="/Users/andrewhelsby/PatternPatrol/Workspace/pattern-patrol/target/test-classes:/Users/andrewhelsby/PatternPatrol/Workspace/pattern-patrol/target/classes:/Users/andrewhelsby/.m2/repository/org/apache/maven/plugin-tools/maven-plugin-tools-api/3.12.0/maven-plugin-tools-api-3.12.0.jar:/Users/andrewhelsby/.m2/repository/org/apache/maven/maven-core/3.2.5/maven-core-3.2.5.jar:/Users/andrewhelsby/.m2/repository/org/apache/maven/maven-settings/3.2.5/maven-settings-3.2.5.jar:/Users/andrewhelsby/.m2/repository/org/apache/maven/maven-settings-builder/3.2.5/maven-settings-builder-3.2.5.jar:/Users/andrewhelsby/.m2/repository/org/apache/maven/maven-repository-metadata/3.2.5/maven-repository-metadata-3.2.5.jar:/Users/andrewhelsby/.m2/repository/org/apache/maven/maven-model-builder/3.2.5/maven-model-builder-3.2.5.jar:/Users/andrewhelsby/.m2/repository/org/apache/maven/maven-aether-provider/3.2.5/maven-aether-provider-3.2.5.jar:/Users/andrewhelsby/.m2/repository/org/eclipse/aether/aether-spi/1.0.0.v20140518/aether-spi-1.0.0.v20140518.jar:/Users/andrewhelsby/.m2/repository/org/eclipse/aether/aether-impl/1.0.0.v20140518/aether-impl-1.0.0.v20140518.jar:/Users/andrewhelsby/.m2/repository/org/eclipse/aether/aether-api/1.0.0.v20140518/aether-api-1.0.0.v20140518.jar:/Users/andrewhelsby/.m2/repository/org/eclipse/aether/aether-util/1.0.0.v20140518/aether-util-1.0.0.v20140518.jar:/Users/andrewhelsby/.m2/repository/org/eclipse/sisu/org.eclipse.sisu.plexus/0.3.0.M1/org.eclipse.sisu.plexus-0.3.0.M1.jar:/Users/andrewhelsby/.m2/repository/javax/enterprise/cdi-api/1.0/cdi-api-1.0.jar:/Users/andrewhelsby/.m2/repository/javax/annotation/jsr250-api/1.0/jsr250-api-1.0.jar:/Users/andrewhelsby/.m2/repository/org/eclipse/sisu/org.eclipse.sisu.inject/0.3.0.M1/org.eclipse.sisu.inject-0.3.0.M1.jar:/Users/andrewhelsby/.m2/repository/org/sonatype/sisu/sisu-guice/3.2.3/sisu-guice-3.2.3-no_aop.jar:/Users/andrewhelsby/.m2/repository/aopalliance/aopalliance/1.0/aopalliance-1.0.jar:/Users/andrewhelsby/.m2/repository/org/codehaus/plexus/plexus-interpolation/1.21/plexus-interpolation-1.21.jar:/Users/andrewhelsby/.m2/repository/org/codehaus/plexus/plexus-classworlds/2.5.2/plexus-classworlds-2.5.2.jar:/Users/andrewhelsby/.m2/repository/org/codehaus/plexus/plexus-component-annotations/1.5.5/plexus-component-annotations-1.5.5.jar:/Users/andrewhelsby/.m2/repository/org/sonatype/plexus/plexus-sec-dispatcher/1.3/plexus-sec-dispatcher-1.3.jar:/Users/andrewhelsby/.m2/repository/org/sonatype/plexus/plexus-cipher/1.4/plexus-cipher-1.4.jar:/Users/andrewhelsby/.m2/repository/org/apache/maven/maven-model/3.2.5/maven-model-3.2.5.jar:/Users/andrewhelsby/.m2/repository/org/apache/maven/maven-plugin-api/3.2.5/maven-plugin-api-3.2.5.jar:/Users/andrewhelsby/.m2/repository/org/apache/maven/maven-artifact/3.2.5/maven-artifact-3.2.5.jar:/Users/andrewhelsby/.m2/repository/org/slf4j/slf4j-api/1.7.36/slf4j-api-1.7.36.jar:/Users/andrewhelsby/.m2/repository/org/apache/maven/reporting/maven-reporting-api/3.1.1/maven-reporting-api-3.1.1.jar:/Users/andrewhelsby/.m2/repository/org/apache/maven/doxia/doxia-sink-api/1.11.1/doxia-sink-api-1.11.1.jar:/Users/andrewhelsby/.m2/repository/org/apache/maven/doxia/doxia-logging-api/1.11.1/doxia-logging-api-1.11.1.jar:/Users/andrewhelsby/.m2/repository/org/codehaus/plexus/plexus-utils/4.0.0/plexus-utils-4.0.0.jar:/Users/andrewhelsby/.m2/repository/org/codehaus/plexus/plexus-xml/3.0.0/plexus-xml-3.0.0.jar:/Users/andrewhelsby/.m2/repository/org/apache/httpcomponents/httpclient/4.5.14/httpclient-4.5.14.jar:/Users/andrewhelsby/.m2/repository/commons-logging/commons-logging/1.2/commons-logging-1.2.jar:/Users/andrewhelsby/.m2/repository/commons-codec/commons-codec/1.11/commons-codec-1.11.jar:/Users/andrewhelsby/.m2/repository/org/apache/httpcomponents/httpcore/4.4.16/httpcore-4.4.16.jar:/Users/andrewhelsby/.m2/repository/org/apache/maven/wagon/wagon-provider-api/2.4/wagon-provider-api-2.4.jar:/Users/andrewhelsby/.m2/repository/org/codehaus/plexus/plexus-java/1.2.0/plexus-java-1.2.0.jar:/Users/andrewhelsby/.m2/repository/org/ow2/asm/asm/9.6/asm-9.6.jar:/Users/andrewhelsby/.m2/repository/com/thoughtworks/qdox/qdox/2.0.3/qdox-2.0.3.jar:/Users/andrewhelsby/.m2/repository/org/apache/maven/plugin-tools/maven-plugin-annotations/3.12.0/maven-plugin-annotations-3.12.0.jar:/Users/andrewhelsby/.m2/repository/org/everit/json/org.everit.json.schema/1.5.1/org.everit.json.schema-1.5.1.jar:/Users/andrewhelsby/.m2/repository/org/json/json/20160810/json-20160810.jar:/Users/andrewhelsby/.m2/repository/com/google/guava/guava/19.0/guava-19.0.jar:/Users/andrewhelsby/.m2/repository/commons-validator/commons-validator/1.5.1/commons-validator-1.5.1.jar:/Users/andrewhelsby/.m2/repository/commons-beanutils/commons-beanutils/1.9.2/commons-beanutils-1.9.2.jar:/Users/andrewhelsby/.m2/repository/commons-digester/commons-digester/1.8.1/commons-digester-1.8.1.jar:/Users/andrewhelsby/.m2/repository/commons-collections/commons-collections/3.2.2/commons-collections-3.2.2.jar:/Users/andrewhelsby/.m2/repository/com/fasterxml/jackson/core/jackson-databind/2.15.4/jackson-databind-2.15.4.jar:/Users/andrewhelsby/.m2/repository/com/fasterxml/jackson/core/jackson-annotations/2.15.4/jackson-annotations-2.15.4.jar:/Users/andrewhelsby/.m2/repository/com/fasterxml/jackson/core/jackson-core/2.15.4/jackson-core-2.15.4.jar:/Users/andrewhelsby/.m2/repository/org/projectlombok/lombok/1.18.36/lombok-1.18.36.jar:/Users/andrewhelsby/.m2/repository/junit/junit/4.13.2/junit-4.13.2.jar:/Users/andrewhelsby/.m2/repository/org/hamcrest/hamcrest-core/1.3/hamcrest-core-1.3.jar:/Users/andrewhelsby/.m2/repository/org/junit/jupiter/junit-jupiter/5.10.5/junit-jupiter-5.10.5.jar:/Users/andrewhelsby/.m2/repository/org/junit/jupiter/junit-jupiter-api/5.10.5/junit-jupiter-api-5.10.5.jar:/Users/andrewhelsby/.m2/repository/org/opentest4j/opentest4j/1.3.0/opentest4j-1.3.0.jar:/Users/andrewhelsby/.m2/repository/org/junit/platform/junit-platform-commons/1.10.5/junit-platform-commons-1.10.5.jar:/Users/andrewhelsby/.m2/repository/org/apiguardian/apiguardian-api/1.1.2/apiguardian-api-1.1.2.jar:/Users/andrewhelsby/.m2/repository/org/junit/jupiter/junit-jupiter-params/5.10.5/junit-jupiter-params-5.10.5.jar:/Users/andrewhelsby/.m2/repository/org/junit/jupiter/junit-jupiter-engine/5.10.5/junit-jupiter-engine-5.10.5.jar:/Users/andrewhelsby/.m2/repository/org/junit/platform/junit-platform-engine/1.10.5/junit-platform-engine-1.10.5.jar:/Users/andrewhelsby/.m2/repository/org/apache/maven/plugin-testing/maven-plugin-testing-harness/4.0.0-alpha-2/maven-plugin-testing-harness-4.0.0-alpha-2.jar:/Users/andrewhelsby/.m2/repository/org/codehaus/plexus/plexus-archiver/4.8.0/plexus-archiver-4.8.0.jar:/Users/andrewhelsby/.m2/repository/javax/inject/javax.inject/1/javax.inject-1.jar:/Users/andrewhelsby/.m2/repository/org/codehaus/plexus/plexus-io/3.4.1/plexus-io-3.4.1.jar:/Users/andrewhelsby/.m2/repository/commons-io/commons-io/2.13.0/commons-io-2.13.0.jar:/Users/andrewhelsby/.m2/repository/org/apache/commons/commons-compress/1.23.0/commons-compress-1.23.0.jar:/Users/andrewhelsby/.m2/repository/org/iq80/snappy/snappy/0.4/snappy-0.4.jar:/Users/andrewhelsby/.m2/repository/org/tukaani/xz/1.9/xz-1.9.jar:/Users/andrewhelsby/.m2/repository/com/github/luben/zstd-jni/1.5.5-5/zstd-jni-1.5.5-5.jar:/Users/andrewhelsby/.m2/repository/org/codehaus/plexus/plexus-testing/1.1.0/plexus-testing-1.1.0.jar:/Users/andrewhelsby/.m2/repository/com/google/inject/guice/4.2.3/guice-4.2.3-no_aop.jar:/Users/andrewhelsby/.m2/repository/org/mockito/mockito-core/4.6.1/mockito-core-4.6.1.jar:/Users/andrewhelsby/.m2/repository/net/bytebuddy/byte-buddy/1.12.10/byte-buddy-1.12.10.jar:/Users/andrewhelsby/.m2/repository/net/bytebuddy/byte-buddy-agent/1.12.10/byte-buddy-agent-1.12.10.jar:/Users/andrewhelsby/.m2/repository/org/objenesis/objenesis/3.2/objenesis-3.2.jar:"/>
    <property name="sun.cpu.endian" value="little"/>
    <property name="user.home" value="/Users/andrewhelsby"/>
    <property name="user.language" value="en"/>
    <property name="java.specification.vendor" value="Oracle Corporation"/>
    <property name="java.version.date" value="2024-07-16"/>
    <property name="java.home" value="/Users/andrewhelsby/.sdkman/candidates/java/21.0.4-amzn"/>
    <property name="file.separator" value="/"/>
    <property name="basedir" value="/Users/andrewhelsby/PatternPatrol/Workspace/pattern-patrol"/>
    <property name="java.vm.compressedOopsMode" value="Zero based"/>
    <property name="line.separator" value="&#10;"/>
    <property name="java.vm.specification.vendor" value="Oracle Corporation"/>
    <property name="java.specification.name" value="Java Platform API Specification"/>
    <property name="apple.awt.application.name" value="ForkedBooter"/>
    <property name="surefire.real.class.path" value="/Users/andrewhelsby/PatternPatrol/Workspace/pattern-patrol/target/surefire/surefirebooter-20250212193236742_3.jar"/>
    <property name="sun.management.compiler" value="HotSpot 64-Bit Tiered Compilers"/>
    <property name="ftp.nonProxyHosts" value="local|*.local|169.254/16|*.169.254/16"/>
    <property name="java.runtime.version" value="21.0.4+7-LTS"/>
    <property name="user.name" value="andrewhelsby"/>
    <property name="stdout.encoding" value="UTF-8"/>
    <property name="path.separator" value=":"/>
    <property name="os.version" value="12.7.5"/>
    <property name="java.runtime.name" value="OpenJDK Runtime Environment"/>
    <property name="file.encoding" value="UTF-8"/>
    <property name="java.vm.name" value="OpenJDK 64-Bit Server VM"/>
    <property name="java.vendor.version" value="Corretto-21.0.4.7.1"/>
    <property name="localRepository" value="/Users/andrewhelsby/.m2/repository"/>
    <property name="java.vendor.url.bug" value="https://github.com/corretto/corretto-21/issues/"/>
    <property name="java.io.tmpdir" value="/var/folders/hk/2l53cfxx4wxbjn6ns_dw1c1w0000gn/T/"/>
    <property name="java.version" value="21.0.4"/>
    <property name="user.dir" value="/Users/andrewhelsby/PatternPatrol/Workspace/pattern-patrol"/>
    <property name="os.arch" value="x86_64"/>
    <property name="java.vm.specification.name" value="Java Virtual Machine Specification"/>
    <property name="native.encoding" value="UTF-8"/>
    <property name="java.library.path" value="/Users/andrewhelsby/Library/Java/Extensions:/Library/Java/Extensions:/Network/Library/Java/Extensions:/System/Library/Java/Extensions:/usr/lib/java:."/>
    <property name="java.vm.info" value="mixed mode, sharing"/>
    <property name="stderr.encoding" value="UTF-8"/>
    <property name="java.vendor" value="Amazon.com Inc."/>
    <property name="java.vm.version" value="21.0.4+7-LTS"/>
    <property name="sun.io.unicode.encoding" value="UnicodeBig"/>
    <property name="socksNonProxyHosts" value="local|*.local|169.254/16|*.169.254/16"/>
    <property name="java.class.version" value="65.0"/>
  </properties>
  <testcase name="testShouldFailWithIncorrectPackagePatterns(String, DirectoryPattern, String, Set, Set)[1]" classname="com.patternpatrol.service.DirectoryPatternsServiceTest" time="0.161"/>
  <testcase name="testShouldFailWithIncorrectPackagePatterns(String, DirectoryPattern, String, Set, Set)[2]" classname="com.patternpatrol.service.DirectoryPatternsServiceTest" time="0.009"/>
  <testcase name="testShouldFailWithIncorrectPackagePatterns(String, DirectoryPattern, String, Set, Set)[3]" classname="com.patternpatrol.service.DirectoryPatternsServiceTest" time="0.005"/>
  <testcase name="testShouldFailWithIncorrectPackagePatterns(String, DirectoryPattern, String, Set, Set)[4]" classname="com.patternpatrol.service.DirectoryPatternsServiceTest" time="0.006"/>
  <testcase name="testShouldFailWithIncorrectPackagePatterns(String, DirectoryPattern, String, Set, Set)[5]" classname="com.patternpatrol.service.DirectoryPatternsServiceTest" time="0.002"/>
  <testcase name="testShouldFailWithIncorrectPackagePatterns(String, DirectoryPattern, String, Set, Set)[6]" classname="com.patternpatrol.service.DirectoryPatternsServiceTest" time="0.003"/>
  <testcase name="testShouldSucceedWithCorrectPackagePatterns(String, DirectoryPattern, String, Set, Set)[1]" classname="com.patternpatrol.service.DirectoryPatternsServiceTest" time="0.004"/>
  <testcase name="testShouldSucceedWithCorrectPackagePatterns(String, DirectoryPattern, String, Set, Set)[2]" classname="com.patternpatrol.service.DirectoryPatternsServiceTest" time="0.001"/>
  <testcase name="testShouldSucceedWithCorrectPackagePatterns(String, DirectoryPattern, String, Set, Set)[3]" classname="com.patternpatrol.service.DirectoryPatternsServiceTest" time="0.004"/>
  <testcase name="testShouldSucceedWithCorrectPackagePatterns(String, DirectoryPattern, String, Set, Set)[4]" classname="com.patternpatrol.service.DirectoryPatternsServiceTest" time="0.003"/>
  <testcase name="testShouldSucceedWithCorrectPackagePatterns(String, DirectoryPattern, String, Set, Set)[5]" classname="com.patternpatrol.service.DirectoryPatternsServiceTest" time="0.003"/>
  <testcase name="testShouldSucceedWithCorrectPackagePatterns(String, DirectoryPattern, String, Set, Set)[6]" classname="com.patternpatrol.service.DirectoryPatternsServiceTest" time="0.004"/>
  <testcase name="testShouldSucceedWithCorrectPackagePatterns(String, DirectoryPattern, String, Set, Set)[7]" classname="com.patternpatrol.service.DirectoryPatternsServiceTest" time="0.001"/>
  <testcase name="testShouldSucceedWithCorrectPackagePatterns(String, DirectoryPattern, String, Set, Set)[8]" classname="com.patternpatrol.service.DirectoryPatternsServiceTest" time="0.004"/>
  <testcase name="testShouldSucceedWithCorrectPackagePatterns(String, DirectoryPattern, String, Set, Set)[9]" classname="com.patternpatrol.service.DirectoryPatternsServiceTest" time="0.002"/>
  <testcase name="testShouldSucceedWithCorrectPackagePatterns(String, DirectoryPattern, String, Set, Set)[10]" classname="com.patternpatrol.service.DirectoryPatternsServiceTest" time="0.002"/>
</testsuite>